26-03-14 22:58:15.453 : 01_WaveMambaIR
26-03-14 22:58:16.200 : 0000001.png - PSNR: 25.68 dB
26-03-14 22:58:16.333 : 0000002.png - PSNR: 21.02 dB
26-03-14 22:58:16.494 : 0000003.png - PSNR: 26.43 dB
26-03-14 22:58:16.581 : 0000004.png - PSNR: 24.12 dB
26-03-14 22:58:16.827 : 0000005.png - PSNR: 25.11 dB
26-03-14 22:58:16.936 : 0000006.png - PSNR: 20.41 dB
26-03-14 22:58:17.042 : 0000007.png - PSNR: 19.19 dB
26-03-14 22:58:17.099 : 0000008.png - PSNR: 23.39 dB
26-03-14 22:58:17.193 : 0000009.png - PSNR: 23.25 dB
26-03-14 22:58:17.297 : 0000010.png - PSNR: 21.05 dB
26-03-14 22:58:17.391 : 0000011.png - PSNR: 25.69 dB
26-03-14 22:58:17.528 : 0000012.png - PSNR: 25.09 dB
26-03-14 22:58:17.693 : 0000013.png - PSNR: 25.67 dB
26-03-14 22:58:17.768 : 0000014.png - PSNR: 24.75 dB
26-03-14 22:58:17.842 : 0000015.png - PSNR: 22.91 dB
26-03-14 22:58:18.004 : 0000016.png - PSNR: 21.04 dB
26-03-14 22:58:18.104 : 0000017.png - PSNR: 22.61 dB
26-03-14 22:58:18.309 : 0000018.png - PSNR: 25.84 dB
26-03-14 22:58:18.485 : 0000019.png - PSNR: 22.62 dB
26-03-14 22:58:18.690 : 0000020.png - PSNR: 25.07 dB
26-03-14 22:58:18.828 : 0000021.png - PSNR: 24.23 dB
26-03-14 22:58:18.958 : 0000022.png - PSNR: 26.08 dB
26-03-14 22:58:19.128 : 0000023.png - PSNR: 31.49 dB
26-03-14 22:58:19.210 : 0000024.png - PSNR: 20.94 dB
26-03-14 22:58:19.340 : 0000025.png - PSNR: 25.85 dB
26-03-14 22:58:19.420 : 0000026.png - PSNR: 31.58 dB
26-03-14 22:58:19.547 : 0000027.png - PSNR: 22.45 dB
26-03-14 22:58:19.624 : 0000028.png - PSNR: 20.91 dB
26-03-14 22:58:19.740 : 0000029.png - PSNR: 24.67 dB
26-03-14 22:58:19.908 : 0000030.png - PSNR: 23.41 dB
26-03-14 22:58:19.975 : 0000031.png - PSNR: 35.32 dB
26-03-14 22:58:20.105 : 0000032.png - PSNR: 21.38 dB
26-03-14 22:58:20.186 : 0000033.png - PSNR: 24.78 dB
26-03-14 22:58:20.231 : 0000034.png - PSNR: 21.67 dB
26-03-14 22:58:20.315 : 0000035.png - PSNR: 27.52 dB
26-03-14 22:58:20.393 : 0000036.png - PSNR: 21.13 dB
26-03-14 22:58:20.555 : 0000037.png - PSNR: 23.65 dB
26-03-14 22:58:20.680 : 0000038.png - PSNR: 23.57 dB
26-03-14 22:58:20.842 : 0000039.png - PSNR: 22.52 dB
26-03-14 22:58:20.909 : 0000040.png - PSNR: 33.38 dB
26-03-14 22:58:21.055 : 0000041.png - PSNR: 24.89 dB
26-03-14 22:58:21.121 : 0000042.png - PSNR: 21.86 dB
26-03-14 22:58:21.350 : 0000043.png - PSNR: 23.09 dB
26-03-14 22:58:21.443 : 0000044.png - PSNR: 24.09 dB
26-03-14 22:58:21.514 : 0000045.png - PSNR: 25.28 dB
26-03-14 22:58:21.761 : 0000046.png - PSNR: 26.42 dB
26-03-14 22:58:22.009 : 0000047.png - PSNR: 21.28 dB
26-03-14 22:58:22.541 : 0000048.png - PSNR: 29.37 dB
26-03-14 22:58:22.969 : 0000049.png - PSNR: 24.82 dB
26-03-14 22:58:23.072 : 0000050.png - PSNR: 29.72 dB
26-03-14 22:58:23.163 : 0000051.png - PSNR: 23.74 dB
26-03-14 22:58:23.584 : 0000052.png - PSNR: 26.36 dB
26-03-14 22:58:24.138 : 0000053.png - PSNR: 32.16 dB
26-03-14 22:58:24.277 : 0000054.png - PSNR: 27.94 dB
26-03-14 22:58:24.372 : 0000055.png - PSNR: 27.16 dB
26-03-14 22:58:24.537 : 0000056.png - PSNR: 24.65 dB
26-03-14 22:58:24.605 : 0000057.png - PSNR: 22.58 dB
26-03-14 22:58:24.876 : 0000058.png - PSNR: 19.20 dB
26-03-14 22:58:25.035 : 0000059.png - PSNR: 23.22 dB
26-03-14 22:58:25.192 : 0000060.png - PSNR: 22.94 dB
26-03-14 22:58:25.356 : 0000061.png - PSNR: 23.96 dB
26-03-14 22:58:25.501 : 0000062.png - PSNR: 20.87 dB
26-03-14 22:58:25.577 : 0000063.png - PSNR: 21.33 dB
26-03-14 22:58:25.777 : 0000064.png - PSNR: 28.48 dB
26-03-14 22:58:25.976 : 0000065.png - PSNR: 21.38 dB
26-03-14 22:58:26.124 : 0000066.png - PSNR: 24.07 dB
26-03-14 22:58:26.205 : 0000067.png - PSNR: 23.02 dB
26-03-14 22:58:26.342 : 0000068.png - PSNR: 26.71 dB
26-03-14 22:58:26.466 : 0000069.png - PSNR: 29.21 dB
26-03-14 22:58:26.615 : 0000070.png - PSNR: 30.10 dB
26-03-14 22:58:26.715 : 0000071.png - PSNR: 26.36 dB
26-03-14 22:58:26.851 : 0000072.png - PSNR: 26.67 dB
26-03-14 22:58:26.990 : 0000073.png - PSNR: 22.18 dB
26-03-14 22:58:27.142 : 0000074.png - PSNR: 27.28 dB
26-03-14 22:58:27.265 : 0000075.png - PSNR: 28.82 dB
26-03-14 22:58:27.420 : 0000076.png - PSNR: 22.97 dB
26-03-14 22:58:27.480 : 0000077.png - PSNR: 24.41 dB
26-03-14 22:58:27.594 : 0000078.png - PSNR: 26.10 dB
26-03-14 22:58:27.704 : 0000079.png - PSNR: 24.36 dB
26-03-14 22:58:27.860 : 0000080.png - PSNR: 24.21 dB
26-03-14 22:58:27.972 : 0000081.png - PSNR: 23.83 dB
26-03-14 22:58:28.110 : 0000082.png - PSNR: 19.76 dB
26-03-14 22:58:28.251 : 0000083.png - PSNR: 30.20 dB
26-03-14 22:58:28.316 : 0000084.png - PSNR: 31.80 dB
26-03-14 22:58:28.387 : 0000085.png - PSNR: 25.01 dB
26-03-14 22:58:28.533 : 0000086.png - PSNR: 27.18 dB
26-03-14 22:58:28.622 : 0000087.png - PSNR: 31.46 dB
26-03-14 22:58:28.783 : 0000088.png - PSNR: 30.08 dB
26-03-14 22:58:28.857 : 0000089.png - PSNR: 22.64 dB
26-03-14 22:58:28.993 : 0000090.png - PSNR: 21.43 dB
26-03-14 22:58:29.129 : 0000091.png - PSNR: 22.05 dB
26-03-14 22:58:29.289 : 0000092.png - PSNR: 18.96 dB
26-03-14 22:58:29.379 : 0000093.png - PSNR: 24.88 dB
26-03-14 22:58:29.474 : 0000094.png - PSNR: 22.86 dB
26-03-14 22:58:29.563 : 0000095.png - PSNR: 26.60 dB
26-03-14 22:58:29.763 : 0000096.png - PSNR: 29.57 dB
26-03-14 22:58:29.836 : 0000097.png - PSNR: 30.95 dB
26-03-14 22:58:30.249 : 0000098.png - PSNR: 24.22 dB
26-03-14 22:58:30.341 : 0000099.png - PSNR: 21.69 dB
26-03-14 22:58:30.483 : 0000100.png - PSNR: 25.30 dB
26-03-14 22:58:30.838 : 0801.png - PSNR: 29.58 dB
26-03-14 22:58:31.186 : 0802.png - PSNR: 35.23 dB
26-03-14 22:58:31.585 : 0803.png - PSNR: 40.44 dB
26-03-14 22:58:31.901 : 0804.png - PSNR: 27.48 dB
26-03-14 22:58:32.283 : 0805.png - PSNR: 28.58 dB
26-03-14 22:58:32.627 : 0806.png - PSNR: 28.36 dB
26-03-14 22:58:32.905 : 0807.png - PSNR: 20.26 dB
26-03-14 22:58:33.244 : 0808.png - PSNR: 26.82 dB
26-03-14 22:58:33.601 : 0809.png - PSNR: 32.25 dB
26-03-14 22:58:33.991 : 0810.png - PSNR: 26.79 dB
26-03-14 22:58:34.356 : 0811.png - PSNR: 29.14 dB
26-03-14 22:58:34.749 : 0812.png - PSNR: 28.21 dB
26-03-14 22:58:35.123 : 0813.png - PSNR: 31.39 dB
26-03-14 22:58:35.456 : 0814.png - PSNR: 28.36 dB
26-03-14 22:58:35.845 : 0815.png - PSNR: 33.96 dB
26-03-14 22:58:36.192 : 0816.png - PSNR: 31.75 dB
26-03-14 22:58:36.595 : 0817.png - PSNR: 32.18 dB
26-03-14 22:58:36.995 : 0818.png - PSNR: 28.91 dB
26-03-14 22:58:37.351 : 0819.png - PSNR: 28.04 dB
26-03-14 22:58:37.714 : 0820.png - PSNR: 24.95 dB
26-03-14 22:58:38.072 : 0821.png - PSNR: 31.96 dB
26-03-14 22:58:38.502 : 0822.png - PSNR: 30.63 dB
26-03-14 22:58:38.840 : 0823.png - PSNR: 26.03 dB
26-03-14 22:58:39.193 : 0824.png - PSNR: 28.44 dB
26-03-14 22:58:39.560 : 0825.png - PSNR: 27.39 dB
26-03-14 22:58:39.950 : 0826.png - PSNR: 24.25 dB
26-03-14 22:58:40.349 : 0827.png - PSNR: 33.57 dB
26-03-14 22:58:40.687 : 0828.png - PSNR: 21.25 dB
26-03-14 22:58:41.029 : 0829.png - PSNR: 26.61 dB
26-03-14 22:58:41.221 : 0830.png - PSNR: 24.55 dB
26-03-14 22:58:41.583 : 0831.png - PSNR: 30.31 dB
26-03-14 22:58:41.941 : 0832.png - PSNR: 30.77 dB
26-03-14 22:58:42.348 : 0833.png - PSNR: 34.34 dB
26-03-14 22:58:42.685 : 0834.png - PSNR: 25.46 dB
26-03-14 22:58:43.111 : 0835.png - PSNR: 22.92 dB
26-03-14 22:58:43.503 : 0836.png - PSNR: 25.97 dB
26-03-14 22:58:43.863 : 0837.png - PSNR: 26.22 dB
26-03-14 22:58:44.212 : 0838.png - PSNR: 37.78 dB
26-03-14 22:58:44.536 : 0839.png - PSNR: 29.10 dB
26-03-14 22:58:44.883 : 0840.png - PSNR: 28.48 dB
26-03-14 22:58:45.244 : 0841.png - PSNR: 28.25 dB
26-03-14 22:58:45.583 : 0842.png - PSNR: 29.96 dB
26-03-14 22:58:45.886 : 0843.png - PSNR: 40.83 dB
26-03-14 22:58:46.233 : 0844.png - PSNR: 44.10 dB
26-03-14 22:58:46.574 : 0845.png - PSNR: 24.50 dB
26-03-14 22:58:46.930 : 0846.png - PSNR: 25.90 dB
26-03-14 22:58:47.275 : 0847.png - PSNR: 27.76 dB
26-03-14 22:58:47.652 : 0848.png - PSNR: 27.23 dB
26-03-14 22:58:48.003 : 0849.png - PSNR: 22.22 dB
26-03-14 22:58:48.346 : 0850.png - PSNR: 29.09 dB
26-03-14 22:58:48.690 : 0851.png - PSNR: 28.42 dB
26-03-14 22:58:48.947 : 0852.png - PSNR: 30.04 dB
26-03-14 22:58:49.288 : 0853.png - PSNR: 34.16 dB
26-03-14 22:58:49.570 : 0854.png - PSNR: 24.98 dB
26-03-14 22:58:50.100 : 0855.png - PSNR: 29.44 dB
26-03-14 22:58:50.443 : 0856.png - PSNR: 24.36 dB
26-03-14 22:58:50.807 : 0857.png - PSNR: 34.93 dB
26-03-14 22:58:51.144 : 0858.png - PSNR: 28.52 dB
26-03-14 22:58:51.484 : 0859.png - PSNR: 25.51 dB
26-03-14 22:58:51.878 : 0860.png - PSNR: 20.61 dB
26-03-14 22:58:52.226 : 0861.png - PSNR: 23.10 dB
26-03-14 22:58:52.556 : 0862.png - PSNR: 33.17 dB
26-03-14 22:58:52.938 : 0863.png - PSNR: 33.25 dB
26-03-14 22:58:53.289 : 0864.png - PSNR: 30.02 dB
26-03-14 22:58:53.684 : 0865.png - PSNR: 27.35 dB
26-03-14 22:58:54.032 : 0866.png - PSNR: 25.16 dB
26-03-14 22:58:54.394 : 0867.png - PSNR: 28.57 dB
26-03-14 22:58:54.703 : 0868.png - PSNR: 32.80 dB
26-03-14 22:58:55.043 : 0869.png - PSNR: 23.74 dB
26-03-14 22:58:55.469 : 0870.png - PSNR: 28.66 dB
26-03-14 22:58:55.816 : 0871.png - PSNR: 32.15 dB
26-03-14 22:58:56.153 : 0872.png - PSNR: 24.03 dB
26-03-14 22:58:56.504 : 0873.png - PSNR: 24.08 dB
26-03-14 22:58:56.886 : 0874.png - PSNR: 30.18 dB
26-03-14 22:58:57.309 : 0875.png - PSNR: 24.40 dB
26-03-14 22:58:57.656 : 0876.png - PSNR: 22.19 dB
26-03-14 22:58:57.916 : 0877.png - PSNR: 40.29 dB
26-03-14 22:58:58.399 : 0878.png - PSNR: 32.18 dB
26-03-14 22:58:58.933 : 0879.png - PSNR: 27.40 dB
26-03-14 22:58:59.264 : 0880.png - PSNR: 32.24 dB
26-03-14 22:58:59.575 : 0881.png - PSNR: 26.07 dB
26-03-14 22:58:59.924 : 0882.png - PSNR: 34.20 dB
26-03-14 22:59:00.288 : 0883.png - PSNR: 26.42 dB
26-03-14 22:59:00.641 : 0884.png - PSNR: 25.96 dB
26-03-14 22:59:00.993 : 0885.png - PSNR: 23.03 dB
26-03-14 22:59:01.327 : 0886.png - PSNR: 36.36 dB
26-03-14 22:59:01.668 : 0887.png - PSNR: 25.35 dB
26-03-14 22:59:02.016 : 0888.png - PSNR: 30.59 dB
26-03-14 22:59:02.379 : 0889.png - PSNR: 30.87 dB
26-03-14 22:59:02.723 : 0890.png - PSNR: 25.30 dB
26-03-14 22:59:03.195 : 0891.png - PSNR: 26.96 dB
26-03-14 22:59:03.535 : 0892.png - PSNR: 30.25 dB
26-03-14 22:59:03.868 : 0893.png - PSNR: 33.27 dB
26-03-14 22:59:04.232 : 0894.png - PSNR: 31.83 dB
26-03-14 22:59:04.567 : 0895.png - PSNR: 20.46 dB
26-03-14 22:59:04.905 : 0896.png - PSNR: 39.07 dB
26-03-14 22:59:05.259 : 0897.png - PSNR: 22.18 dB
26-03-14 22:59:05.602 : 0898.png - PSNR: 34.46 dB
26-03-14 22:59:05.940 : 0899.png - PSNR: 31.01 dB
26-03-14 22:59:06.230 : 0900.png - PSNR: 28.11 dB
26-03-14 22:59:06.231 :       Max Memory : 971.903 [M]
26-03-14 22:59:06.255 : ------> Average runtime of (valid) is : 162.279769 milliseconds
26-03-14 22:59:06.255 : ------> Average PSNR of (valid) is : 26.937107 dB
26-03-14 22:59:06.320 :     #Activations : 119.5389 [M]
26-03-14 22:59:06.320 :          #Conv2d : 143
26-03-14 22:59:06.993 :            FLOPs : 19.3437 [G]
26-03-14 22:59:06.994 :          #Params : 0.6736 [M]
26-03-16 09:48:44.574 : 12_WaveMambaSR
26-03-16 09:48:45.541 : 0000001.png - PSNR: 25.68 dB
26-03-16 09:48:45.683 : 0000002.png - PSNR: 21.02 dB
26-03-16 09:48:45.861 : 0000003.png - PSNR: 26.43 dB
26-03-16 09:48:45.969 : 0000004.png - PSNR: 24.12 dB
26-03-16 09:48:46.242 : 0000005.png - PSNR: 25.11 dB
26-03-16 09:48:46.359 : 0000006.png - PSNR: 20.41 dB
26-03-16 09:48:46.486 : 0000007.png - PSNR: 19.19 dB
26-03-16 09:48:46.548 : 0000008.png - PSNR: 23.39 dB
26-03-16 09:48:46.651 : 0000009.png - PSNR: 23.25 dB
26-03-16 09:48:46.807 : 0000010.png - PSNR: 21.05 dB
26-03-16 09:48:46.917 : 0000011.png - PSNR: 25.69 dB
26-03-16 09:48:47.062 : 0000012.png - PSNR: 25.09 dB
26-03-16 09:48:47.257 : 0000013.png - PSNR: 25.66 dB
26-03-16 09:48:47.346 : 0000014.png - PSNR: 24.75 dB
26-03-16 09:48:47.436 : 0000015.png - PSNR: 22.91 dB
26-03-16 09:48:47.614 : 0000016.png - PSNR: 21.04 dB
26-03-16 09:48:47.770 : 0000017.png - PSNR: 22.61 dB
26-03-16 09:48:47.988 : 0000018.png - PSNR: 25.84 dB
26-03-16 09:48:48.171 : 0000019.png - PSNR: 22.62 dB
26-03-16 09:48:48.449 : 0000020.png - PSNR: 25.07 dB
26-03-16 09:48:48.593 : 0000021.png - PSNR: 24.23 dB
26-03-16 09:48:48.808 : 0000022.png - PSNR: 26.07 dB
26-03-16 09:48:48.990 : 0000023.png - PSNR: 31.49 dB
26-03-16 09:48:49.122 : 0000024.png - PSNR: 20.94 dB
26-03-16 09:48:49.268 : 0000025.png - PSNR: 25.85 dB
26-03-16 09:48:49.367 : 0000026.png - PSNR: 31.57 dB
26-03-16 09:48:49.494 : 0000027.png - PSNR: 22.45 dB
26-03-16 09:48:49.645 : 0000028.png - PSNR: 20.91 dB
26-03-16 09:48:49.769 : 0000029.png - PSNR: 24.68 dB
26-03-16 09:48:49.962 : 0000030.png - PSNR: 23.41 dB
26-03-16 09:48:50.042 : 0000031.png - PSNR: 35.33 dB
26-03-16 09:48:50.188 : 0000032.png - PSNR: 21.38 dB
26-03-16 09:48:50.285 : 0000033.png - PSNR: 24.78 dB
26-03-16 09:48:50.337 : 0000034.png - PSNR: 21.67 dB
26-03-16 09:48:50.431 : 0000035.png - PSNR: 27.52 dB
26-03-16 09:48:50.516 : 0000036.png - PSNR: 21.13 dB
26-03-16 09:48:50.736 : 0000037.png - PSNR: 23.65 dB
26-03-16 09:48:50.957 : 0000038.png - PSNR: 23.57 dB
26-03-16 09:48:51.134 : 0000039.png - PSNR: 22.53 dB
26-03-16 09:48:51.206 : 0000040.png - PSNR: 33.38 dB
26-03-16 09:48:51.358 : 0000041.png - PSNR: 24.89 dB
26-03-16 09:48:51.445 : 0000042.png - PSNR: 21.87 dB
26-03-16 09:48:51.711 : 0000043.png - PSNR: 23.09 dB
26-03-16 09:48:51.872 : 0000044.png - PSNR: 24.09 dB
26-03-16 09:48:51.949 : 0000045.png - PSNR: 25.28 dB
26-03-16 09:48:52.220 : 0000046.png - PSNR: 26.42 dB
26-03-16 09:48:52.514 : 0000047.png - PSNR: 21.28 dB
26-03-16 09:48:53.078 : 0000048.png - PSNR: 29.37 dB
26-03-16 09:48:53.573 : 0000049.png - PSNR: 24.82 dB
26-03-16 09:48:53.958 : 0000050.png - PSNR: 29.72 dB
26-03-16 09:48:54.084 : 0000051.png - PSNR: 23.74 dB
26-03-16 09:48:54.568 : 0000052.png - PSNR: 26.36 dB
26-03-16 09:48:55.226 : 0000053.png - PSNR: 32.16 dB
26-03-16 09:48:55.415 : 0000054.png - PSNR: 27.94 dB
26-03-16 09:48:55.590 : 0000055.png - PSNR: 27.16 dB
26-03-16 09:48:55.796 : 0000056.png - PSNR: 24.65 dB
26-03-16 09:48:55.873 : 0000057.png - PSNR: 22.58 dB
26-03-16 09:48:56.221 : 0000058.png - PSNR: 19.20 dB
26-03-16 09:48:56.399 : 0000059.png - PSNR: 23.22 dB
26-03-16 09:48:56.590 : 0000060.png - PSNR: 22.94 dB
26-03-16 09:48:56.776 : 0000061.png - PSNR: 23.96 dB
26-03-16 09:48:57.001 : 0000062.png - PSNR: 20.87 dB
26-03-16 09:48:57.096 : 0000063.png - PSNR: 21.34 dB
26-03-16 09:48:57.326 : 0000064.png - PSNR: 28.48 dB
26-03-16 09:48:57.640 : 0000065.png - PSNR: 21.37 dB
26-03-16 09:48:57.886 : 0000066.png - PSNR: 24.07 dB
26-03-16 09:48:57.987 : 0000067.png - PSNR: 23.02 dB
26-03-16 09:48:58.140 : 0000068.png - PSNR: 26.70 dB
26-03-16 09:48:58.280 : 0000069.png - PSNR: 29.20 dB
26-03-16 09:48:58.449 : 0000070.png - PSNR: 30.11 dB
26-03-16 09:48:58.662 : 0000071.png - PSNR: 26.35 dB
26-03-16 09:48:58.810 : 0000072.png - PSNR: 26.67 dB
26-03-16 09:48:58.968 : 0000073.png - PSNR: 22.18 dB
26-03-16 09:48:59.150 : 0000074.png - PSNR: 27.29 dB
26-03-16 09:48:59.281 : 0000075.png - PSNR: 28.82 dB
26-03-16 09:48:59.453 : 0000076.png - PSNR: 22.97 dB
26-03-16 09:48:59.524 : 0000077.png - PSNR: 24.41 dB
26-03-16 09:48:59.654 : 0000078.png - PSNR: 26.10 dB
26-03-16 09:48:59.795 : 0000079.png - PSNR: 24.37 dB
26-03-16 09:48:59.973 : 0000080.png - PSNR: 24.21 dB
26-03-16 09:49:00.104 : 0000081.png - PSNR: 23.83 dB
26-03-16 09:49:00.257 : 0000082.png - PSNR: 19.76 dB
26-03-16 09:49:00.426 : 0000083.png - PSNR: 30.20 dB
26-03-16 09:49:00.558 : 0000084.png - PSNR: 31.81 dB
26-03-16 09:49:00.649 : 0000085.png - PSNR: 25.01 dB
26-03-16 09:49:00.821 : 0000086.png - PSNR: 27.18 dB
26-03-16 09:49:00.942 : 0000087.png - PSNR: 31.46 dB
26-03-16 09:49:01.131 : 0000088.png - PSNR: 30.08 dB
26-03-16 09:49:01.217 : 0000089.png - PSNR: 22.64 dB
26-03-16 09:49:01.386 : 0000090.png - PSNR: 21.43 dB
26-03-16 09:49:01.554 : 0000091.png - PSNR: 22.05 dB
26-03-16 09:49:01.732 : 0000092.png - PSNR: 18.96 dB
26-03-16 09:49:01.838 : 0000093.png - PSNR: 24.88 dB
26-03-16 09:49:02.024 : 0000094.png - PSNR: 22.86 dB
26-03-16 09:49:02.153 : 0000095.png - PSNR: 26.60 dB
26-03-16 09:49:02.393 : 0000096.png - PSNR: 29.57 dB
26-03-16 09:49:02.485 : 0000097.png - PSNR: 30.94 dB
26-03-16 09:49:02.963 : 0000098.png - PSNR: 24.22 dB
26-03-16 09:49:03.081 : 0000099.png - PSNR: 21.69 dB
26-03-16 09:49:03.241 : 0000100.png - PSNR: 25.31 dB
26-03-16 09:49:03.679 : 0801.png - PSNR: 29.58 dB
26-03-16 09:49:04.067 : 0802.png - PSNR: 35.23 dB
26-03-16 09:49:04.543 : 0803.png - PSNR: 40.44 dB
26-03-16 09:49:04.901 : 0804.png - PSNR: 27.48 dB
26-03-16 09:49:05.332 : 0805.png - PSNR: 28.58 dB
26-03-16 09:49:05.721 : 0806.png - PSNR: 28.36 dB
26-03-16 09:49:06.064 : 0807.png - PSNR: 20.26 dB
26-03-16 09:49:06.467 : 0808.png - PSNR: 26.82 dB
26-03-16 09:49:06.871 : 0809.png - PSNR: 32.25 dB
26-03-16 09:49:07.329 : 0810.png - PSNR: 26.79 dB
26-03-16 09:49:07.776 : 0811.png - PSNR: 29.14 dB
26-03-16 09:49:08.263 : 0812.png - PSNR: 28.21 dB
26-03-16 09:49:08.686 : 0813.png - PSNR: 31.39 dB
26-03-16 09:49:09.061 : 0814.png - PSNR: 28.36 dB
26-03-16 09:49:09.463 : 0815.png - PSNR: 33.96 dB
26-03-16 09:49:09.892 : 0816.png - PSNR: 31.75 dB
26-03-16 09:49:10.351 : 0817.png - PSNR: 32.18 dB
26-03-16 09:49:10.830 : 0818.png - PSNR: 28.91 dB
26-03-16 09:49:11.246 : 0819.png - PSNR: 28.04 dB
26-03-16 09:49:11.661 : 0820.png - PSNR: 24.95 dB
26-03-16 09:49:12.066 : 0821.png - PSNR: 31.96 dB
26-03-16 09:49:12.568 : 0822.png - PSNR: 30.63 dB
26-03-16 09:49:12.995 : 0823.png - PSNR: 26.03 dB
26-03-16 09:49:13.427 : 0824.png - PSNR: 28.45 dB
26-03-16 09:49:13.890 : 0825.png - PSNR: 27.39 dB
26-03-16 09:49:14.391 : 0826.png - PSNR: 24.25 dB
26-03-16 09:49:14.864 : 0827.png - PSNR: 33.57 dB
26-03-16 09:49:15.298 : 0828.png - PSNR: 21.25 dB
26-03-16 09:49:15.677 : 0829.png - PSNR: 26.61 dB
26-03-16 09:49:15.894 : 0830.png - PSNR: 24.55 dB
26-03-16 09:49:16.284 : 0831.png - PSNR: 30.32 dB
26-03-16 09:49:16.720 : 0832.png - PSNR: 30.77 dB
26-03-16 09:49:17.208 : 0833.png - PSNR: 34.35 dB
26-03-16 09:49:17.606 : 0834.png - PSNR: 25.46 dB
26-03-16 09:49:18.087 : 0835.png - PSNR: 22.92 dB
26-03-16 09:49:18.555 : 0836.png - PSNR: 25.97 dB
26-03-16 09:49:18.973 : 0837.png - PSNR: 26.22 dB
26-03-16 09:49:19.349 : 0838.png - PSNR: 37.78 dB
26-03-16 09:49:19.720 : 0839.png - PSNR: 29.10 dB
26-03-16 09:49:20.134 : 0840.png - PSNR: 28.48 dB
26-03-16 09:49:20.588 : 0841.png - PSNR: 28.25 dB
26-03-16 09:49:20.996 : 0842.png - PSNR: 29.96 dB
26-03-16 09:49:21.323 : 0843.png - PSNR: 40.83 dB
26-03-16 09:49:21.720 : 0844.png - PSNR: 44.10 dB
26-03-16 09:49:22.114 : 0845.png - PSNR: 24.50 dB
26-03-16 09:49:22.581 : 0846.png - PSNR: 25.88 dB
26-03-16 09:49:23.025 : 0847.png - PSNR: 27.76 dB
26-03-16 09:49:23.502 : 0848.png - PSNR: 27.23 dB
26-03-16 09:49:23.902 : 0849.png - PSNR: 22.22 dB
26-03-16 09:49:24.328 : 0850.png - PSNR: 29.09 dB
26-03-16 09:49:24.731 : 0851.png - PSNR: 28.42 dB
26-03-16 09:49:25.054 : 0852.png - PSNR: 30.04 dB
26-03-16 09:49:25.476 : 0853.png - PSNR: 34.16 dB
26-03-16 09:49:25.803 : 0854.png - PSNR: 24.97 dB
26-03-16 09:49:26.396 : 0855.png - PSNR: 29.44 dB
26-03-16 09:49:26.802 : 0856.png - PSNR: 24.36 dB
26-03-16 09:49:27.232 : 0857.png - PSNR: 34.93 dB
26-03-16 09:49:27.622 : 0858.png - PSNR: 28.52 dB
26-03-16 09:49:28.038 : 0859.png - PSNR: 25.51 dB
26-03-16 09:49:28.477 : 0860.png - PSNR: 20.61 dB
26-03-16 09:49:28.886 : 0861.png - PSNR: 23.10 dB
26-03-16 09:49:29.270 : 0862.png - PSNR: 33.17 dB
26-03-16 09:49:29.748 : 0863.png - PSNR: 33.25 dB
26-03-16 09:49:30.166 : 0864.png - PSNR: 30.02 dB
26-03-16 09:49:30.979 : 0865.png - PSNR: 27.35 dB
26-03-16 09:49:31.386 : 0866.png - PSNR: 25.16 dB
26-03-16 09:49:31.839 : 0867.png - PSNR: 28.57 dB
26-03-16 09:49:32.196 : 0868.png - PSNR: 32.80 dB
26-03-16 09:49:32.595 : 0869.png - PSNR: 23.75 dB
26-03-16 09:49:33.126 : 0870.png - PSNR: 28.66 dB
26-03-16 09:49:33.574 : 0871.png - PSNR: 32.15 dB
26-03-16 09:49:33.997 : 0872.png - PSNR: 24.03 dB
26-03-16 09:49:34.430 : 0873.png - PSNR: 24.08 dB
26-03-16 09:49:34.903 : 0874.png - PSNR: 30.18 dB
26-03-16 09:49:35.363 : 0875.png - PSNR: 24.40 dB
26-03-16 09:49:35.763 : 0876.png - PSNR: 22.18 dB
26-03-16 09:49:36.107 : 0877.png - PSNR: 40.30 dB
26-03-16 09:49:36.646 : 0878.png - PSNR: 32.18 dB
26-03-16 09:49:37.222 : 0879.png - PSNR: 27.40 dB
26-03-16 09:49:37.629 : 0880.png - PSNR: 32.24 dB
26-03-16 09:49:37.994 : 0881.png - PSNR: 26.07 dB
26-03-16 09:49:38.412 : 0882.png - PSNR: 34.20 dB
26-03-16 09:49:38.862 : 0883.png - PSNR: 26.43 dB
26-03-16 09:49:39.258 : 0884.png - PSNR: 25.96 dB
26-03-16 09:49:39.679 : 0885.png - PSNR: 23.03 dB
26-03-16 09:49:40.097 : 0886.png - PSNR: 36.36 dB
26-03-16 09:49:40.536 : 0887.png - PSNR: 25.35 dB
26-03-16 09:49:40.979 : 0888.png - PSNR: 30.59 dB
26-03-16 09:49:41.419 : 0889.png - PSNR: 30.87 dB
26-03-16 09:49:41.825 : 0890.png - PSNR: 25.30 dB
26-03-16 09:49:42.365 : 0891.png - PSNR: 26.95 dB
26-03-16 09:49:42.805 : 0892.png - PSNR: 30.26 dB
26-03-16 09:49:43.212 : 0893.png - PSNR: 33.27 dB
26-03-16 09:49:43.640 : 0894.png - PSNR: 31.82 dB
26-03-16 09:49:44.034 : 0895.png - PSNR: 20.46 dB
26-03-16 09:49:44.422 : 0896.png - PSNR: 39.07 dB
26-03-16 09:49:44.866 : 0897.png - PSNR: 22.18 dB
26-03-16 09:49:45.246 : 0898.png - PSNR: 34.46 dB
26-03-16 09:49:45.658 : 0899.png - PSNR: 31.01 dB
26-03-16 09:49:46.059 : 0900.png - PSNR: 28.12 dB
26-03-16 09:49:46.059 :       Max Memory : 971.903 [M]
26-03-16 09:49:46.059 : ------> Average runtime of (valid) is : 184.555116 milliseconds
26-03-16 09:49:46.059 : ------> Average PSNR of (valid) is : 26.937061 dB
26-03-16 09:49:46.179 :     #Activations : 119.5389 [M]
26-03-16 09:49:46.179 :          #Conv2d : 143
26-03-16 09:49:47.107 :            FLOPs : 19.3437 [G]
26-03-16 09:49:47.109 :          #Params : 0.6736 [M]
26-03-16 09:50:37.852 : 12_WaveMambaSR
26-03-16 09:50:38.787 : 0000001.png - PSNR: 25.68 dB
26-03-16 09:50:38.932 : 0000002.png - PSNR: 21.03 dB
26-03-16 09:50:39.150 : 0000003.png - PSNR: 26.43 dB
26-03-16 09:50:39.254 : 0000004.png - PSNR: 24.12 dB
26-03-16 09:50:39.540 : 0000005.png - PSNR: 25.11 dB
26-03-16 09:50:39.669 : 0000006.png - PSNR: 20.41 dB
26-03-16 09:50:39.793 : 0000007.png - PSNR: 19.18 dB
26-03-16 09:50:39.934 : 0000008.png - PSNR: 23.39 dB
26-03-16 09:50:40.060 : 0000009.png - PSNR: 23.25 dB
26-03-16 09:50:40.189 : 0000010.png - PSNR: 21.05 dB
26-03-16 09:50:40.304 : 0000011.png - PSNR: 25.69 dB
26-03-16 09:50:40.458 : 0000012.png - PSNR: 25.09 dB
26-03-16 09:50:40.671 : 0000013.png - PSNR: 25.67 dB
26-03-16 09:50:40.750 : 0000014.png - PSNR: 24.75 dB
26-03-16 09:50:40.830 : 0000015.png - PSNR: 22.91 dB
26-03-16 09:50:41.017 : 0000016.png - PSNR: 21.04 dB
26-03-16 09:50:41.166 : 0000017.png - PSNR: 22.61 dB
26-03-16 09:50:41.381 : 0000018.png - PSNR: 25.84 dB
26-03-16 09:50:41.591 : 0000019.png - PSNR: 22.62 dB
26-03-16 09:50:41.856 : 0000020.png - PSNR: 25.07 dB
26-03-16 09:50:42.007 : 0000021.png - PSNR: 24.23 dB
26-03-16 09:50:42.148 : 0000022.png - PSNR: 26.08 dB
26-03-16 09:50:42.400 : 0000023.png - PSNR: 31.49 dB
26-03-16 09:50:42.519 : 0000024.png - PSNR: 20.94 dB
26-03-16 09:50:42.661 : 0000025.png - PSNR: 25.85 dB
26-03-16 09:50:42.768 : 0000026.png - PSNR: 31.57 dB
26-03-16 09:50:42.905 : 0000027.png - PSNR: 22.45 dB
26-03-16 09:50:42.996 : 0000028.png - PSNR: 20.91 dB
26-03-16 09:50:43.144 : 0000029.png - PSNR: 24.67 dB
26-03-16 09:50:43.336 : 0000030.png - PSNR: 23.41 dB
26-03-16 09:50:43.421 : 0000031.png - PSNR: 35.33 dB
26-03-16 09:50:43.586 : 0000032.png - PSNR: 21.38 dB
26-03-16 09:50:43.699 : 0000033.png - PSNR: 24.78 dB
26-03-16 09:50:43.779 : 0000034.png - PSNR: 21.67 dB
26-03-16 09:50:44.135 : 0000035.png - PSNR: 27.52 dB
26-03-16 09:50:44.469 : 0000036.png - PSNR: 21.13 dB
26-03-16 09:50:44.642 : 0000037.png - PSNR: 23.65 dB
26-03-16 09:50:44.874 : 0000038.png - PSNR: 23.57 dB
26-03-16 09:50:45.079 : 0000039.png - PSNR: 22.53 dB
26-03-16 09:50:45.151 : 0000040.png - PSNR: 33.38 dB
26-03-16 09:50:45.325 : 0000041.png - PSNR: 24.89 dB
26-03-16 09:50:45.404 : 0000042.png - PSNR: 21.87 dB
26-03-16 09:50:45.678 : 0000043.png - PSNR: 23.09 dB
26-03-16 09:50:45.781 : 0000044.png - PSNR: 24.09 dB
26-03-16 09:50:45.859 : 0000045.png - PSNR: 25.28 dB
26-03-16 09:50:46.134 : 0000046.png - PSNR: 26.42 dB
26-03-16 09:50:46.446 : 0000047.png - PSNR: 21.28 dB
26-03-16 09:50:47.060 : 0000048.png - PSNR: 29.37 dB
26-03-16 09:50:47.536 : 0000049.png - PSNR: 24.82 dB
26-03-16 09:50:47.686 : 0000050.png - PSNR: 29.73 dB
26-03-16 09:50:47.794 : 0000051.png - PSNR: 23.74 dB
26-03-16 09:50:48.270 : 0000052.png - PSNR: 26.36 dB
26-03-16 09:50:48.887 : 0000053.png - PSNR: 32.16 dB
26-03-16 09:50:49.055 : 0000054.png - PSNR: 27.94 dB
26-03-16 09:50:49.166 : 0000055.png - PSNR: 27.16 dB
26-03-16 09:50:49.350 : 0000056.png - PSNR: 24.65 dB
26-03-16 09:50:49.424 : 0000057.png - PSNR: 22.58 dB
26-03-16 09:50:49.727 : 0000058.png - PSNR: 19.20 dB
26-03-16 09:50:49.907 : 0000059.png - PSNR: 23.22 dB
26-03-16 09:50:50.087 : 0000060.png - PSNR: 22.95 dB
26-03-16 09:50:50.304 : 0000061.png - PSNR: 23.96 dB
26-03-16 09:50:50.480 : 0000062.png - PSNR: 20.87 dB
26-03-16 09:50:50.572 : 0000063.png - PSNR: 21.34 dB
26-03-16 09:50:50.792 : 0000064.png - PSNR: 28.48 dB
26-03-16 09:50:51.082 : 0000065.png - PSNR: 21.39 dB
26-03-16 09:50:51.316 : 0000066.png - PSNR: 24.07 dB
26-03-16 09:50:51.409 : 0000067.png - PSNR: 23.02 dB
26-03-16 09:50:51.589 : 0000068.png - PSNR: 26.71 dB
26-03-16 09:50:51.741 : 0000069.png - PSNR: 29.20 dB
26-03-16 09:50:51.953 : 0000070.png - PSNR: 30.10 dB
26-03-16 09:50:52.069 : 0000071.png - PSNR: 26.35 dB
26-03-16 09:50:52.253 : 0000072.png - PSNR: 26.67 dB
26-03-16 09:50:52.431 : 0000073.png - PSNR: 22.18 dB
26-03-16 09:50:52.653 : 0000074.png - PSNR: 27.29 dB
26-03-16 09:50:52.896 : 0000075.png - PSNR: 28.82 dB
26-03-16 09:50:53.155 : 0000076.png - PSNR: 22.97 dB
26-03-16 09:50:53.224 : 0000077.png - PSNR: 24.41 dB
26-03-16 09:50:53.405 : 0000078.png - PSNR: 26.10 dB
26-03-16 09:50:53.563 : 0000079.png - PSNR: 24.37 dB
26-03-16 09:50:53.763 : 0000080.png - PSNR: 24.21 dB
26-03-16 09:50:53.909 : 0000081.png - PSNR: 23.83 dB
26-03-16 09:50:54.074 : 0000082.png - PSNR: 19.76 dB
26-03-16 09:50:54.252 : 0000083.png - PSNR: 30.20 dB
26-03-16 09:50:54.325 : 0000084.png - PSNR: 31.80 dB
26-03-16 09:50:54.433 : 0000085.png - PSNR: 25.01 dB
26-03-16 09:50:54.608 : 0000086.png - PSNR: 27.18 dB
26-03-16 09:50:54.708 : 0000087.png - PSNR: 31.46 dB
26-03-16 09:50:54.905 : 0000088.png - PSNR: 30.08 dB
26-03-16 09:50:54.983 : 0000089.png - PSNR: 22.64 dB
26-03-16 09:50:55.144 : 0000090.png - PSNR: 21.43 dB
26-03-16 09:50:55.323 : 0000091.png - PSNR: 22.05 dB
26-03-16 09:50:55.538 : 0000092.png - PSNR: 18.96 dB
26-03-16 09:50:55.679 : 0000093.png - PSNR: 24.88 dB
26-03-16 09:50:55.778 : 0000094.png - PSNR: 22.86 dB
26-03-16 09:50:55.878 : 0000095.png - PSNR: 26.60 dB
26-03-16 09:50:56.126 : 0000096.png - PSNR: 29.57 dB
26-03-16 09:50:56.206 : 0000097.png - PSNR: 30.93 dB
26-03-16 09:50:56.701 : 0000098.png - PSNR: 24.22 dB
26-03-16 09:50:56.806 : 0000099.png - PSNR: 21.69 dB
26-03-16 09:50:56.962 : 0000100.png - PSNR: 25.30 dB
26-03-16 09:50:57.383 : 0801.png - PSNR: 29.58 dB
26-03-16 09:50:57.776 : 0802.png - PSNR: 35.23 dB
26-03-16 09:50:58.281 : 0803.png - PSNR: 40.44 dB
26-03-16 09:50:58.631 : 0804.png - PSNR: 27.48 dB
26-03-16 09:50:59.093 : 0805.png - PSNR: 28.58 dB
26-03-16 09:50:59.487 : 0806.png - PSNR: 28.36 dB
26-03-16 09:50:59.827 : 0807.png - PSNR: 20.26 dB
26-03-16 09:51:00.216 : 0808.png - PSNR: 26.82 dB
26-03-16 09:51:00.671 : 0809.png - PSNR: 32.25 dB
26-03-16 09:51:01.127 : 0810.png - PSNR: 26.79 dB
26-03-16 09:51:01.517 : 0811.png - PSNR: 29.14 dB
26-03-16 09:51:01.947 : 0812.png - PSNR: 28.21 dB
26-03-16 09:51:02.435 : 0813.png - PSNR: 31.39 dB
26-03-16 09:51:02.829 : 0814.png - PSNR: 28.35 dB
26-03-16 09:51:03.227 : 0815.png - PSNR: 33.96 dB
26-03-16 09:51:03.624 : 0816.png - PSNR: 31.75 dB
26-03-16 09:51:04.087 : 0817.png - PSNR: 32.18 dB
26-03-16 09:51:04.546 : 0818.png - PSNR: 28.90 dB
26-03-16 09:51:04.967 : 0819.png - PSNR: 28.04 dB
26-03-16 09:51:05.364 : 0820.png - PSNR: 24.95 dB
26-03-16 09:51:05.756 : 0821.png - PSNR: 31.96 dB
26-03-16 09:51:06.241 : 0822.png - PSNR: 30.63 dB
26-03-16 09:51:06.696 : 0823.png - PSNR: 26.03 dB
26-03-16 09:51:07.057 : 0824.png - PSNR: 28.44 dB
26-03-16 09:51:07.502 : 0825.png - PSNR: 27.39 dB
26-03-16 09:51:07.957 : 0826.png - PSNR: 24.25 dB
26-03-16 09:51:08.420 : 0827.png - PSNR: 33.57 dB
26-03-16 09:51:08.816 : 0828.png - PSNR: 21.25 dB
26-03-16 09:51:09.223 : 0829.png - PSNR: 26.61 dB
26-03-16 09:51:09.484 : 0830.png - PSNR: 24.55 dB
26-03-16 09:51:09.895 : 0831.png - PSNR: 30.31 dB
26-03-16 09:51:10.300 : 0832.png - PSNR: 30.77 dB
26-03-16 09:51:10.797 : 0833.png - PSNR: 34.35 dB
26-03-16 09:51:11.219 : 0834.png - PSNR: 25.47 dB
26-03-16 09:51:11.702 : 0835.png - PSNR: 22.92 dB
26-03-16 09:51:12.183 : 0836.png - PSNR: 25.97 dB
26-03-16 09:51:12.620 : 0837.png - PSNR: 26.22 dB
26-03-16 09:51:13.036 : 0838.png - PSNR: 37.78 dB
26-03-16 09:51:13.425 : 0839.png - PSNR: 29.10 dB
26-03-16 09:51:13.846 : 0840.png - PSNR: 28.48 dB
26-03-16 09:51:14.259 : 0841.png - PSNR: 28.25 dB
26-03-16 09:51:14.646 : 0842.png - PSNR: 29.96 dB
26-03-16 09:51:15.015 : 0843.png - PSNR: 40.84 dB
26-03-16 09:51:15.442 : 0844.png - PSNR: 44.10 dB
26-03-16 09:51:15.874 : 0845.png - PSNR: 24.50 dB
26-03-16 09:51:16.267 : 0846.png - PSNR: 25.89 dB
26-03-16 09:51:16.669 : 0847.png - PSNR: 27.76 dB
26-03-16 09:51:17.107 : 0848.png - PSNR: 27.23 dB
26-03-16 09:51:17.509 : 0849.png - PSNR: 22.22 dB
26-03-16 09:51:17.909 : 0850.png - PSNR: 29.09 dB
26-03-16 09:51:18.286 : 0851.png - PSNR: 28.42 dB
26-03-16 09:51:18.633 : 0852.png - PSNR: 30.04 dB
26-03-16 09:51:19.033 : 0853.png - PSNR: 34.16 dB
26-03-16 09:51:19.365 : 0854.png - PSNR: 24.97 dB
26-03-16 09:51:19.965 : 0855.png - PSNR: 29.44 dB
26-03-16 09:51:20.344 : 0856.png - PSNR: 24.36 dB
26-03-16 09:51:20.761 : 0857.png - PSNR: 34.93 dB
26-03-16 09:51:21.163 : 0858.png - PSNR: 28.52 dB
26-03-16 09:51:21.559 : 0859.png - PSNR: 25.51 dB
26-03-16 09:51:22.038 : 0860.png - PSNR: 20.61 dB
26-03-16 09:51:22.476 : 0861.png - PSNR: 23.10 dB
26-03-16 09:51:22.838 : 0862.png - PSNR: 33.16 dB
26-03-16 09:51:23.274 : 0863.png - PSNR: 33.25 dB
26-03-16 09:51:23.668 : 0864.png - PSNR: 30.02 dB
26-03-16 09:51:24.130 : 0865.png - PSNR: 27.35 dB
26-03-16 09:51:24.533 : 0866.png - PSNR: 25.16 dB
26-03-16 09:51:24.941 : 0867.png - PSNR: 28.57 dB
26-03-16 09:51:25.310 : 0868.png - PSNR: 32.80 dB
26-03-16 09:51:25.716 : 0869.png - PSNR: 23.75 dB
26-03-16 09:51:26.197 : 0870.png - PSNR: 28.66 dB
26-03-16 09:51:26.577 : 0871.png - PSNR: 32.15 dB
26-03-16 09:51:27.018 : 0872.png - PSNR: 24.03 dB
26-03-16 09:51:27.433 : 0873.png - PSNR: 24.08 dB
26-03-16 09:51:27.831 : 0874.png - PSNR: 30.18 dB
26-03-16 09:51:28.311 : 0875.png - PSNR: 24.40 dB
26-03-16 09:51:28.716 : 0876.png - PSNR: 22.18 dB
26-03-16 09:51:29.051 : 0877.png - PSNR: 40.29 dB
26-03-16 09:51:29.634 : 0878.png - PSNR: 32.18 dB
26-03-16 09:51:30.212 : 0879.png - PSNR: 27.41 dB
26-03-16 09:51:30.662 : 0880.png - PSNR: 32.24 dB
26-03-16 09:51:31.015 : 0881.png - PSNR: 26.07 dB
26-03-16 09:51:31.413 : 0882.png - PSNR: 34.20 dB
26-03-16 09:51:31.875 : 0883.png - PSNR: 26.42 dB
26-03-16 09:51:32.305 : 0884.png - PSNR: 25.96 dB
26-03-16 09:51:32.769 : 0885.png - PSNR: 23.03 dB
26-03-16 09:51:33.168 : 0886.png - PSNR: 36.36 dB
26-03-16 09:51:33.557 : 0887.png - PSNR: 25.35 dB
26-03-16 09:51:33.980 : 0888.png - PSNR: 30.59 dB
26-03-16 09:51:34.405 : 0889.png - PSNR: 30.87 dB
26-03-16 09:51:34.799 : 0890.png - PSNR: 25.30 dB
26-03-16 09:51:35.339 : 0891.png - PSNR: 26.95 dB
26-03-16 09:51:35.783 : 0892.png - PSNR: 30.25 dB
26-03-16 09:51:36.166 : 0893.png - PSNR: 33.27 dB
26-03-16 09:51:36.577 : 0894.png - PSNR: 31.82 dB
26-03-16 09:51:37.003 : 0895.png - PSNR: 20.46 dB
26-03-16 09:51:37.388 : 0896.png - PSNR: 39.07 dB
26-03-16 09:51:37.790 : 0897.png - PSNR: 22.18 dB
26-03-16 09:51:38.187 : 0898.png - PSNR: 34.46 dB
26-03-16 09:51:38.586 : 0899.png - PSNR: 31.01 dB
26-03-16 09:51:38.921 : 0900.png - PSNR: 28.11 dB
26-03-16 09:51:38.921 :       Max Memory : 971.903 [M]
26-03-16 09:51:38.921 : ------> Average runtime of (valid) is : 180.914628 milliseconds
26-03-16 09:51:38.921 : ------> Average PSNR of (valid) is : 26.936970 dB
26-03-16 09:51:39.042 :     #Activations : 119.5389 [M]
26-03-16 09:51:39.043 :          #Conv2d : 143
26-03-16 09:51:40.032 :            FLOPs : 19.3437 [G]
26-03-16 09:51:40.034 :          #Params : 0.6736 [M]
